[16-08-2025 03:42:14] [Usuario] error: File: C:\xampp\htdocs\api_lym\index.php - line: 87 - Message: Cannot declare class pedido, because the name is already in use
 [16-08-2025 03:51:39] [Usuario] error: File: C:\xampp\htdocs\api_lym\index.php - line: 87 - Message: Cannot declare class pedido, because the name is already in use
 [16-08-2025 03:51:40] [Usuario] error: File: C:\xampp\htdocs\api_lym\index.php - line: 87 - Message: Cannot declare class pedido, because the name is already in use
 [16-08-2025 03:51:40] [Usuario] error: File: C:\xampp\htdocs\api_lym\index.php - line: 87 - Message: Cannot declare class pedido, because the name is already in use
 [16-08-2025 03:51:40] [Usuario] error: File: C:\xampp\htdocs\api_lym\index.php - line: 87 - Message: Cannot declare class pedido, because the name is already in use
 [16-08-2025 03:51:47] [Usuario] error: File: C:\xampp\htdocs\api_lym\index.php - line: 87 - Message: Cannot declare class pedido, because the name is already in use
 [16-08-2025 03:51:47] [Usuario] error: File: C:\xampp\htdocs\api_lym\index.php - line: 87 - Message: Cannot declare class pedido, because the name is already in use
 [16-08-2025 03:51:48] [Usuario] error: File: C:\xampp\htdocs\api_lym\index.php - line: 87 - Message: Cannot declare class pedido, because the name is already in use
 [16-08-2025 03:51:48] [Usuario] error: File: C:\xampp\htdocs\api_lym\index.php - line: 87 - Message: Cannot declare class pedido, because the name is already in use
 [16-08-2025 03:51:49] [Usuario] error: File: C:\xampp\htdocs\api_lym\index.php - line: 87 - Message: Cannot declare class pedido, because the name is already in use
 [16-08-2025 03:51:49] [Usuario] error: File: C:\xampp\htdocs\api_lym\index.php - line: 87 - Message: Cannot declare class pedido, because the name is already in use
 [16-08-2025 03:51:49] [Usuario] error: File: C:\xampp\htdocs\api_lym\index.php - line: 87 - Message: Cannot declare class pedido, because the name is already in use
 [16-08-2025 03:52:07] [Usuario] error: File: C:\xampp\htdocs\api_lym\index.php - line: 87 - Message: Cannot declare class pedido, because the name is already in use
 [16-08-2025 03:52:07] [Usuario] error: File: C:\xampp\htdocs\api_lym\index.php - line: 87 - Message: Cannot declare class pedido, because the name is already in use
 [16-08-2025 03:52:07] [Usuario] error: File: C:\xampp\htdocs\api_lym\index.php - line: 87 - Message: Cannot declare class pedido, because the name is already in use
 [16-08-2025 03:52:12] [Usuario] error: File: C:\xampp\htdocs\api_lym\index.php - line: 87 - Message: Cannot declare class pedido, because the name is already in use
 [16-08-2025 03:52:12] [Usuario] error: File: C:\xampp\htdocs\api_lym\index.php - line: 87 - Message: Cannot declare class pedido, because the name is already in use
 [16-08-2025 03:52:12] [Usuario] error: File: C:\xampp\htdocs\api_lym\index.php - line: 87 - Message: Cannot declare class pedido, because the name is already in use
 [16-08-2025 03:52:12] [Usuario] error: File: C:\xampp\htdocs\api_lym\index.php - line: 87 - Message: Cannot declare class pedido, because the name is already in use
 [16-08-2025 03:52:38] [Usuario] error: File: C:\xampp\htdocs\api_lym\index.php - line: 87 - Message: Cannot declare class pedido, because the name is already in use
 [16-08-2025 03:52:38] [Usuario] error: File: C:\xampp\htdocs\api_lym\index.php - line: 87 - Message: Cannot declare class pedido, because the name is already in use
 [16-08-2025 03:52:38] [Usuario] error: File: C:\xampp\htdocs\api_lym\index.php - line: 87 - Message: Cannot declare class pedido, because the name is already in use
 [16-08-2025 03:54:48] [Usuario] error: File: C:\xampp\htdocs\api_lym\index.php - line: 91 - Message: Cannot declare class pedido, because the name is already in use
 [16-08-2025 03:54:48] [Usuario] error: File: C:\xampp\htdocs\api_lym\index.php - line: 91 - Message: Cannot declare class pedido, because the name is already in use
 [16-08-2025 03:54:48] [Usuario] error: File: C:\xampp\htdocs\api_lym\index.php - line: 91 - Message: Cannot declare class pedido, because the name is already in use
 [16-08-2025 03:54:49] [Usuario] error: File: C:\xampp\htdocs\api_lym\index.php - line: 91 - Message: Cannot declare class pedido, because the name is already in use
 [16-08-2025 03:55:00] [Usuario] error: File: C:\xampp\htdocs\api_lym\index.php - line: 91 - Message: Cannot declare class pedido, because the name is already in use
 [16-08-2025 03:55:00] [Usuario] error: File: C:\xampp\htdocs\api_lym\index.php - line: 91 - Message: Cannot declare class pedido, because the name is already in use
 [16-08-2025 03:55:00] [Usuario] error: File: C:\xampp\htdocs\api_lym\index.php - line: 91 - Message: Cannot declare class pedido, because the name is already in use
 [16-08-2025 03:55:01] [Usuario] error: File: C:\xampp\htdocs\api_lym\index.php - line: 91 - Message: Cannot declare class pedido, because the name is already in use
 [16-08-2025 03:57:47] [Usuario] error: File: C:\xampp\htdocs\api_lym\index.php - line: 91 - Message: Cannot declare class pedido, because the name is already in use
 [16-08-2025 03:57:47] [Usuario] error: File: C:\xampp\htdocs\api_lym\index.php - line: 91 - Message: Cannot declare class pedido, because the name is already in use
 [16-08-2025 03:57:47] [Usuario] error: File: C:\xampp\htdocs\api_lym\index.php - line: 91 - Message: Cannot declare class pedido, because the name is already in use
 [16-08-2025 03:57:48] [Usuario] error: File: C:\xampp\htdocs\api_lym\index.php - line: 91 - Message: Cannot declare class pedido, because the name is already in use
 [16-08-2025 03:57:56] [Usuario] error: File: C:\xampp\htdocs\api_lym\index.php - line: 91 - Message: Cannot declare class pedido, because the name is already in use
 [16-08-2025 03:57:56] [Usuario] error: File: C:\xampp\htdocs\api_lym\index.php - line: 91 - Message: Cannot declare class pedido, because the name is already in use
 [16-08-2025 03:57:56] [Usuario] error: File: C:\xampp\htdocs\api_lym\index.php - line: 91 - Message: Cannot declare class pedido, because the name is already in use
 [16-08-2025 03:57:57] [Usuario] error: File: C:\xampp\htdocs\api_lym\index.php - line: 91 - Message: Cannot declare class pedido, because the name is already in use
 [16-08-2025 03:58:08] [Usuario] error: File: C:\xampp\htdocs\api_lym\index.php - line: 91 - Message: Cannot declare class pedido, because the name is already in use
 [16-08-2025 03:58:08] [Usuario] error: File: C:\xampp\htdocs\api_lym\index.php - line: 91 - Message: Cannot declare class pedido, because the name is already in use
 [16-08-2025 03:58:09] [Usuario] error: File: C:\xampp\htdocs\api_lym\index.php - line: 91 - Message: Cannot declare class pedido, because the name is already in use
 [16-08-2025 03:59:50] [Usuario] error: File: C:\xampp\htdocs\api_lym\index.php - line: 91 - Message: Cannot declare class pedido, because the name is already in use
 [16-08-2025 03:59:50] [Usuario] error: File: C:\xampp\htdocs\api_lym\index.php - line: 91 - Message: Cannot declare class pedido, because the name is already in use
 [16-08-2025 03:59:50] [Usuario] error: File: C:\xampp\htdocs\api_lym\index.php - line: 91 - Message: Cannot declare class pedido, because the name is already in use
 [16-08-2025 04:00:28] [Usuario] error: File: C:\xampp\htdocs\api_lym\index.php - line: 91 - Message: Cannot declare class pedido, because the name is already in use
 [16-08-2025 04:00:29] [Usuario] error: File: C:\xampp\htdocs\api_lym\index.php - line: 91 - Message: Cannot declare class pedido, because the name is already in use
 [16-08-2025 04:00:50] [Usuario] error: File: C:\xampp\htdocs\api_lym\index.php - line: 91 - Message: Cannot declare class pedido, because the name is already in use
 [16-08-2025 04:07:16] [Usuario] error: File: C:\xampp\htdocs\api_lym\index.php - line: 91 - Message: Cannot declare class pedido, because the name is already in use
 [16-08-2025 04:09:44] [Usuario] error: File: C:\xampp\htdocs\api_lym\index.php - line: 91 - Message: Cannot declare class pedido, because the name is already in use
 [16-08-2025 04:09:52] [Usuario] error: File: C:\xampp\htdocs\api_lym\index.php - line: 91 - Message: Cannot declare class pedido, because the name is already in use
 [16-08-2025 04:09:52] [Usuario] error: File: C:\xampp\htdocs\api_lym\index.php - line: 91 - Message: Cannot declare class pedido, because the name is already in use
 [16-08-2025 04:09:53] [Usuario] error: File: C:\xampp\htdocs\api_lym\index.php - line: 91 - Message: Cannot declare class pedido, because the name is already in use
 [16-08-2025 04:09:53] [Usuario] error: File: C:\xampp\htdocs\api_lym\index.php - line: 91 - Message: Cannot declare class pedido, because the name is already in use
 [16-08-2025 04:09:55] [Usuario] error: File: C:\xampp\htdocs\api_lym\index.php - line: 91 - Message: Cannot declare class pedido, because the name is already in use
 [16-08-2025 04:28:55] [Usuario] error: File: C:\xampp\htdocs\api_lym\routes\RoutesController.php - line: 126 - Message: Call to undefined method PedidoController::create()
 [16-08-2025 04:51:10] [Usuario] error: File: C:\xampp\htdocs\api_lym\models\PedidoModel.php - line: 57 - Message: Cannot use object of type stdClass as array
 [16-08-2025 05:04:14] [Usuario] error: File: C:\xampp\htdocs\api_lym\models\PedidoModel.php - line: 57 - Message: Cannot use object of type stdClass as array
 [16-08-2025 18:14:06] [Usuario] error: File: C:\xampp\htdocs\api_lym\models\PedidoModel.php - line: 57 - Message: Cannot use object of type stdClass as array
 [16-08-2025 20:23:12] [Usuario] error: File: C:\xampp\htdocs\api_lym\controllers\core\MySqlConnect.php - line: 37 - Message: mysqli object is already closed
 [16-08-2025 20:25:29] [Usuario] error: File: C:\xampp\htdocs\api_lym\controllers\core\MySqlConnect.php - line: 37 - Message: mysqli object is already closed
 